2025.09.03 21:21:10 INFO  Started: Metals version 1.6.2 in folders 'C:\Users\ejong\Workspace\POSTECH\cs332-assign\recfun' for client Visual Studio Code 1.103.2.
2025.09.03 21:21:11 INFO  no build target found for C:\Users\ejong\Workspace\POSTECH\cs332-assign\recfun\build.sbt. Using presentation compiler with project's scala-library version: 3.3.6
9월 03, 2025 9:21:13 오후 org.eclipse.lsp4j.jsonrpc.RemoteEndpoint handleCancellation
경고: Unmatched cancel notification for request id 2
2025.09.03 21:21:13 INFO  no build target found for C:\Users\ejong\Workspace\POSTECH\cs332-assign\recfun\build.sbt. Using presentation compiler with project's scala-library version: 3.3.6
2025.09.03 21:21:13 INFO  no build target found for C:\Users\ejong\Workspace\POSTECH\cs332-assign\recfun\build.sbt. Using presentation compiler with project's scala-library version: 3.3.6
2025.09.03 21:21:13 INFO  no build target found for C:\Users\ejong\Workspace\POSTECH\cs332-assign\recfun\build.sbt. Using presentation compiler with project's scala-library version: 3.3.6
2025.09.03 21:21:13 INFO  no build target found for C:\Users\ejong\Workspace\POSTECH\cs332-assign\recfun\build.sbt. Using presentation compiler with project's scala-library version: 3.3.6
9월 03, 2025 9:21:13 오후 org.eclipse.lsp4j.jsonrpc.RemoteEndpoint handleCancellation
경고: Unmatched cancel notification for request id 6
9월 03, 2025 9:21:13 오후 org.eclipse.lsp4j.jsonrpc.RemoteEndpoint handleCancellation
경고: Unmatched cancel notification for request id 7
9월 03, 2025 9:21:13 오후 org.eclipse.lsp4j.jsonrpc.RemoteEndpoint handleCancellation
경고: Unmatched cancel notification for request id 8
9월 03, 2025 9:21:13 오후 org.eclipse.lsp4j.jsonrpc.RemoteEndpoint handleCancellation
경고: Unmatched cancel notification for request id 3
9월 03, 2025 9:21:13 오후 org.eclipse.lsp4j.jsonrpc.RemoteEndpoint handleCancellation
경고: Unmatched cancel notification for request id 9
2025.09.03 21:21:13 INFO  no build target found for C:\Users\ejong\Workspace\POSTECH\cs332-assign\recfun\build.sbt. Using presentation compiler with project's scala-library version: 3.3.6
2025.09.03 21:21:13 WARN  Unsupported sbt version 0.13.7
2025.09.03 21:21:13 WARN  Build server is not auto-connectable.
2025.09.03 21:21:14 INFO  no build target found for C:\Users\ejong\Workspace\POSTECH\cs332-assign\recfun\build.sbt. Using presentation compiler with project's scala-library version: 3.3.6
9월 03, 2025 9:21:14 오후 org.eclipse.lsp4j.jsonrpc.RemoteEndpoint handleCancellation
경고: Unmatched cancel notification for request id 11
2025.09.03 21:21:13 INFO  no build target found for C:\Users\ejong\Workspace\POSTECH\cs332-assign\recfun\build.sbt. Using presentation compiler with project's scala-library version: 3.3.6
2025.09.03 21:21:14 WARN  no build target for: C:\Users\ejong\Workspace\POSTECH\cs332-assign\recfun\build.sbt
2025.09.03 21:21:14 INFO  no build target found for C:\Users\ejong\Workspace\POSTECH\cs332-assign\recfun\build.sbt. Using presentation compiler with project's scala-library version: 3.3.6
2025.09.03 21:21:14 INFO  no build target found for C:\Users\ejong\Workspace\POSTECH\cs332-assign\recfun\build.sbt. Using presentation compiler with project's scala-library version: 3.3.6
2025.09.03 21:21:15 INFO  no build target found for C:\Users\ejong\Workspace\POSTECH\cs332-assign\recfun\build.sbt. Using presentation compiler with project's scala-library version: 3.3.6
2025.09.03 21:21:16 WARN  Could not find semantic tokens for: file:///C:/Users/ejong/Workspace/POSTECH/cs332-assign/recfun/build.sbt
2025.09.03 21:21:16 INFO  time: code lens generation in 2.33s
2025.09.03 21:21:18 INFO  Shutting down server
2025.09.03 21:21:18 INFO  shutting down Metals
2025.09.03 21:21:18 INFO  Exiting server
2025.09.06 20:41:14 INFO  Started: Metals version 1.6.2 in folders 'C:\Users\ejong\Workspace\POSTECH\cs332-assign\recfun' for client Visual Studio Code 1.103.2.
2025.09.06 20:41:14 INFO  no build target found for C:\Users\ejong\Workspace\POSTECH\cs332-assign\recfun\build.sbt. Using presentation compiler with project's scala-library version: 3.3.6
2025.09.06 20:41:18 INFO  no build target found for C:\Users\ejong\Workspace\POSTECH\cs332-assign\recfun\build.sbt. Using presentation compiler with project's scala-library version: 3.3.6
2025.09.06 20:41:18 WARN  Unsupported sbt version 0.13.7
2025.09.06 20:41:18 WARN  Build server is not auto-connectable.
2025.09.06 20:41:18 INFO  no build target found for C:\Users\ejong\Workspace\POSTECH\cs332-assign\recfun\build.sbt. Using presentation compiler with project's scala-library version: 3.3.6
2025.09.06 20:41:18 WARN  no build target for: C:\Users\ejong\Workspace\POSTECH\cs332-assign\recfun\build.sbt
2025.09.06 20:41:19 INFO  no build target found for C:\Users\ejong\Workspace\POSTECH\cs332-assign\recfun\build.sbt. Using presentation compiler with project's scala-library version: 3.3.6
2025.09.06 20:41:19 INFO  no build target found for C:\Users\ejong\Workspace\POSTECH\cs332-assign\recfun\build.sbt. Using presentation compiler with project's scala-library version: 3.3.6
2025.09.06 20:41:19 INFO  no build target found for C:\Users\ejong\Workspace\POSTECH\cs332-assign\recfun\build.sbt. Using presentation compiler with project's scala-library version: 3.3.6
2025.09.06 20:41:19 INFO  no build target found for C:\Users\ejong\Workspace\POSTECH\cs332-assign\recfun\build.sbt. Using presentation compiler with project's scala-library version: 3.3.6
9월 06, 2025 8:41:20 오후 org.eclipse.lsp4j.jsonrpc.RemoteEndpoint handleCancellation
경고: Unmatched cancel notification for request id 9
9월 06, 2025 8:41:20 오후 org.eclipse.lsp4j.jsonrpc.RemoteEndpoint handleCancellation
경고: Unmatched cancel notification for request id 10
9월 06, 2025 8:41:20 오후 org.eclipse.lsp4j.jsonrpc.RemoteEndpoint handleCancellation
경고: Unmatched cancel notification for request id 11
9월 06, 2025 8:41:20 오후 org.eclipse.lsp4j.jsonrpc.RemoteEndpoint handleCancellation
경고: Unmatched cancel notification for request id 12
2025.09.06 20:41:20 INFO  no build target found for C:\Users\ejong\Workspace\POSTECH\cs332-assign\recfun\build.sbt. Using presentation compiler with project's scala-library version: 3.3.6
2025.09.06 20:41:20 INFO  no build target found for C:\Users\ejong\Workspace\POSTECH\cs332-assign\recfun\build.sbt. Using presentation compiler with project's scala-library version: 3.3.6
2025.09.06 20:41:22 WARN  Could not find semantic tokens for: file:///C:/Users/ejong/Workspace/POSTECH/cs332-assign/recfun/build.sbt
2025.09.06 20:41:22 INFO  time: code lens generation in 4.11s
2025.09.06 20:41:24 INFO  no build target found for C:\Users\ejong\Workspace\POSTECH\cs332-assign\recfun\build.sbt. Using presentation compiler with project's scala-library version: 3.3.6
2025.09.06 20:41:24 WARN  Could not find semantic tokens for: file:///C:/Users/ejong/Workspace/POSTECH/cs332-assign/recfun/build.sbt
2025.09.06 20:56:48 INFO  no build target found for C:\Users\ejong\Workspace\POSTECH\cs332-assign\recfun\build.sbt. Using presentation compiler with project's scala-library version: 3.3.6
2025.09.06 20:56:51 INFO  no build target found for C:\Users\ejong\Workspace\POSTECH\cs332-assign\recfun\build.sbt. Using presentation compiler with project's scala-library version: 3.3.6
2025.09.06 20:56:51 INFO  no build target found for C:\Users\ejong\Workspace\POSTECH\cs332-assign\recfun\build.sbt. Using presentation compiler with project's scala-library version: 3.3.6
2025.09.06 20:56:52 INFO  no build target found for C:\Users\ejong\Workspace\POSTECH\cs332-assign\recfun\build.sbt. Using presentation compiler with project's scala-library version: 3.3.6
2025.09.06 20:56:52 INFO  no build target found for C:\Users\ejong\Workspace\POSTECH\cs332-assign\recfun\build.sbt. Using presentation compiler with project's scala-library version: 3.3.6
2025.09.06 20:56:52 INFO  no build target found for C:\Users\ejong\Workspace\POSTECH\cs332-assign\recfun\build.sbt. Using presentation compiler with project's scala-library version: 3.3.6
2025.09.06 20:56:53 INFO  no build target found for C:\Users\ejong\Workspace\POSTECH\cs332-assign\recfun\build.sbt. Using presentation compiler with project's scala-library version: 3.3.6
2025.09.06 20:56:53 INFO  no build target found for C:\Users\ejong\Workspace\POSTECH\cs332-assign\recfun\build.sbt. Using presentation compiler with project's scala-library version: 3.3.6
2025.09.06 20:56:53 INFO  no build target found for C:\Users\ejong\Workspace\POSTECH\cs332-assign\recfun\build.sbt. Using presentation compiler with project's scala-library version: 3.3.6
2025.09.06 20:56:54 INFO  no build target found for C:\Users\ejong\Workspace\POSTECH\cs332-assign\recfun\build.sbt. Using presentation compiler with project's scala-library version: 3.3.6
2025.09.06 20:56:54 INFO  no build target found for C:\Users\ejong\Workspace\POSTECH\cs332-assign\recfun\build.sbt. Using presentation compiler with project's scala-library version: 3.3.6
2025.09.06 20:57:09 INFO  no build target found for C:\Users\ejong\Workspace\POSTECH\cs332-assign\recfun\build.sbt. Using presentation compiler with project's scala-library version: 3.3.6
2025.09.06 20:57:09 INFO  no build target found for C:\Users\ejong\Workspace\POSTECH\cs332-assign\recfun\build.sbt. Using presentation compiler with project's scala-library version: 3.3.6
2025.09.06 20:57:09 INFO  no build target found for C:\Users\ejong\Workspace\POSTECH\cs332-assign\recfun\build.sbt. Using presentation compiler with project's scala-library version: 3.3.6
2025.09.06 20:57:57 INFO  no build target found for C:\Users\ejong\Workspace\POSTECH\cs332-assign\recfun\project\project\buildPlugins.sbt. Using presentation compiler with project's scala-library version: 3.3.6
2025.09.06 20:57:57 WARN  no build target for: C:\Users\ejong\Workspace\POSTECH\cs332-assign\recfun\project\project\buildPlugins.sbt
2025.09.06 20:57:57 INFO  no build target found for C:\Users\ejong\Workspace\POSTECH\cs332-assign\recfun\project\project\buildPlugins.sbt. Using presentation compiler with project's scala-library version: 3.3.6
2025.09.06 20:57:57 INFO  no build target found for C:\Users\ejong\Workspace\POSTECH\cs332-assign\recfun\project\project\buildPlugins.sbt. Using presentation compiler with project's scala-library version: 3.3.6
2025.09.06 20:57:57 WARN  Could not find semantic tokens for: file:///C:/Users/ejong/Workspace/POSTECH/cs332-assign/recfun/project/project/buildPlugins.sbt
2025.09.06 20:57:57 INFO  no build target found for C:\Users\ejong\Workspace\POSTECH\cs332-assign\recfun\project\project\buildPlugins.sbt. Using presentation compiler with project's scala-library version: 3.3.6
2025.09.06 20:57:57 WARN  Could not find semantic tokens for: file:///C:/Users/ejong/Workspace/POSTECH/cs332-assign/recfun/project/project/buildPlugins.sbt
2025.09.06 20:57:57 INFO  no build target found for C:\Users\ejong\Workspace\POSTECH\cs332-assign\recfun\project\project\buildPlugins.sbt. Using presentation compiler with project's scala-library version: 3.3.6
2025.09.06 20:57:58 INFO  no build target found for C:\Users\ejong\Workspace\POSTECH\cs332-assign\recfun\project\project\buildPlugins.sbt. Using presentation compiler with project's scala-library version: 3.3.6
2025.09.06 20:58:25 INFO  no build target found for C:\Users\ejong\Workspace\POSTECH\cs332-assign\recfun\project\ProgFunBuild.scala. Using presentation compiler with project's scala-library version: 3.3.6
2025.09.06 20:58:25 INFO  no build target found for C:\Users\ejong\Workspace\POSTECH\cs332-assign\recfun\project\ProgFunBuild.scala. Using presentation compiler with project's scala-library version: 3.3.6
2025.09.06 20:58:25 WARN  no build target for: C:\Users\ejong\Workspace\POSTECH\cs332-assign\recfun\project\ProgFunBuild.scala
2025.09.06 20:58:26 INFO  no build target found for C:\Users\ejong\Workspace\POSTECH\cs332-assign\recfun\project\ProgFunBuild.scala. Using presentation compiler with project's scala-library version: 3.3.6
2025.09.06 20:58:25 INFO  no build target found for C:\Users\ejong\Workspace\POSTECH\cs332-assign\recfun\project\ProgFunBuild.scala. Using presentation compiler with project's scala-library version: 3.3.6
2025.09.06 20:58:25 INFO  no build target found for C:\Users\ejong\Workspace\POSTECH\cs332-assign\recfun\project\ProgFunBuild.scala. Using presentation compiler with project's scala-library version: 3.3.6
2025.09.06 20:58:28 INFO  time: code lens generation in 2.09s
2025.09.06 20:58:29 INFO  no build target found for C:\Users\ejong\Workspace\POSTECH\cs332-assign\recfun\project\ProgFunBuild.scala. Using presentation compiler with project's scala-library version: 3.3.6
2025.09.06 20:58:40 INFO  no build target found for C:\Users\ejong\Workspace\POSTECH\cs332-assign\recfun\project\RichJsValue.scala. Using presentation compiler with project's scala-library version: 3.3.6
2025.09.06 20:58:40 WARN  no build target for: C:\Users\ejong\Workspace\POSTECH\cs332-assign\recfun\project\RichJsValue.scala
2025.09.06 20:58:40 INFO  no build target found for C:\Users\ejong\Workspace\POSTECH\cs332-assign\recfun\project\RichJsValue.scala. Using presentation compiler with project's scala-library version: 3.3.6
2025.09.06 20:58:41 INFO  no build target found for C:\Users\ejong\Workspace\POSTECH\cs332-assign\recfun\project\RichJsValue.scala. Using presentation compiler with project's scala-library version: 3.3.6
2025.09.06 20:58:41 INFO  no build target found for C:\Users\ejong\Workspace\POSTECH\cs332-assign\recfun\project\RichJsValue.scala. Using presentation compiler with project's scala-library version: 3.3.6
2025.09.06 20:58:41 INFO  no build target found for C:\Users\ejong\Workspace\POSTECH\cs332-assign\recfun\project\RichJsValue.scala. Using presentation compiler with project's scala-library version: 3.3.6
2025.09.06 20:58:44 INFO  no build target found for C:\Users\ejong\Workspace\POSTECH\cs332-assign\recfun\project\RichJsValue.scala. Using presentation compiler with project's scala-library version: 3.3.6
2025.09.06 20:58:44 WARN  no build target for: C:\Users\ejong\Workspace\POSTECH\cs332-assign\recfun\src\test\scala\recfun\PascalSuite.scala
2025.09.06 20:58:44 INFO  no build target found for C:\Users\ejong\Workspace\POSTECH\cs332-assign\recfun\src\test\scala\recfun\PascalSuite.scala. Using presentation compiler with project's scala-library version: 3.3.6
2025.09.06 20:58:44 INFO  no build target found for C:\Users\ejong\Workspace\POSTECH\cs332-assign\recfun\src\test\scala\recfun\PascalSuite.scala. Using presentation compiler with project's scala-library version: 3.3.6
2025.09.06 20:58:44 INFO  no build target found for C:\Users\ejong\Workspace\POSTECH\cs332-assign\recfun\src\test\scala\recfun\PascalSuite.scala. Using presentation compiler with project's scala-library version: 3.3.6
2025.09.06 20:58:44 INFO  no build target found for C:\Users\ejong\Workspace\POSTECH\cs332-assign\recfun\src\test\scala\recfun\PascalSuite.scala. Using presentation compiler with project's scala-library version: 3.3.6
2025.09.06 20:58:44 INFO  no build target found for C:\Users\ejong\Workspace\POSTECH\cs332-assign\recfun\src\test\scala\recfun\CountChangeSuite.scala. Using presentation compiler with project's scala-library version: 3.3.6
2025.09.06 20:58:44 INFO  no build target found for C:\Users\ejong\Workspace\POSTECH\cs332-assign\recfun\src\test\scala\recfun\CountChangeSuite.scala. Using presentation compiler with project's scala-library version: 3.3.6
2025.09.06 20:58:44 WARN  no build target for: C:\Users\ejong\Workspace\POSTECH\cs332-assign\recfun\src\test\scala\recfun\CountChangeSuite.scala
2025.09.06 20:58:44 INFO  no build target found for C:\Users\ejong\Workspace\POSTECH\cs332-assign\recfun\src\test\scala\recfun\CountChangeSuite.scala. Using presentation compiler with project's scala-library version: 3.3.6
2025.09.06 20:58:44 INFO  no build target found for C:\Users\ejong\Workspace\POSTECH\cs332-assign\recfun\src\test\scala\recfun\CountChangeSuite.scala. Using presentation compiler with project's scala-library version: 3.3.6
2025.09.06 20:58:44 WARN  no build target for: C:\Users\ejong\Workspace\POSTECH\cs332-assign\recfun\src\test\scala\recfun\BalanceSuite.scala
2025.09.06 20:58:45 INFO  no build target found for C:\Users\ejong\Workspace\POSTECH\cs332-assign\recfun\src\test\scala\recfun\BalanceSuite.scala. Using presentation compiler with project's scala-library version: 3.3.6
2025.09.06 20:58:44 INFO  no build target found for C:\Users\ejong\Workspace\POSTECH\cs332-assign\recfun\src\test\scala\recfun\BalanceSuite.scala. Using presentation compiler with project's scala-library version: 3.3.6
2025.09.06 20:58:44 INFO  no build target found for C:\Users\ejong\Workspace\POSTECH\cs332-assign\recfun\src\test\scala\recfun\BalanceSuite.scala. Using presentation compiler with project's scala-library version: 3.3.6
2025.09.06 20:58:45 INFO  no build target found for C:\Users\ejong\Workspace\POSTECH\cs332-assign\recfun\src\test\scala\recfun\BalanceSuite.scala. Using presentation compiler with project's scala-library version: 3.3.6
2025.09.06 20:58:45 INFO  no build target found for C:\Users\ejong\Workspace\POSTECH\cs332-assign\recfun\src\test\scala\recfun\CountChangeSuite.scala. Using presentation compiler with project's scala-library version: 3.3.6
2025.09.06 20:58:44 WARN  no build target for: C:\Users\ejong\Workspace\POSTECH\cs332-assign\recfun\src\test\scala\recfun\CountChangeSuite.scala
2025.09.06 20:58:45 INFO  no build target found for C:\Users\ejong\Workspace\POSTECH\cs332-assign\recfun\src\test\scala\recfun\CountChangeSuite.scala. Using presentation compiler with project's scala-library version: 3.3.6
2025.09.06 20:58:45 INFO  no build target found for C:\Users\ejong\Workspace\POSTECH\cs332-assign\recfun\src\test\scala\recfun\CountChangeSuite.scala. Using presentation compiler with project's scala-library version: 3.3.6
2025.09.06 20:58:45 INFO  no build target found for C:\Users\ejong\Workspace\POSTECH\cs332-assign\recfun\src\test\scala\recfun\CountChangeSuite.scala. Using presentation compiler with project's scala-library version: 3.3.6
2025.09.06 20:58:45 INFO  no build target found for C:\Users\ejong\Workspace\POSTECH\cs332-assign\recfun\src\test\scala\recfun\PascalSuite.scala. Using presentation compiler with project's scala-library version: 3.3.6
2025.09.06 20:58:45 WARN  no build target for: C:\Users\ejong\Workspace\POSTECH\cs332-assign\recfun\src\test\scala\recfun\PascalSuite.scala
2025.09.06 20:58:45 INFO  no build target found for C:\Users\ejong\Workspace\POSTECH\cs332-assign\recfun\src\test\scala\recfun\PascalSuite.scala. Using presentation compiler with project's scala-library version: 3.3.6
2025.09.06 20:58:45 INFO  no build target found for C:\Users\ejong\Workspace\POSTECH\cs332-assign\recfun\src\test\scala\recfun\PascalSuite.scala. Using presentation compiler with project's scala-library version: 3.3.6
2025.09.06 20:58:45 INFO  no build target found for C:\Users\ejong\Workspace\POSTECH\cs332-assign\recfun\src\test\scala\recfun\PascalSuite.scala. Using presentation compiler with project's scala-library version: 3.3.6
2025.09.06 20:58:45 WARN  no build target for: C:\Users\ejong\Workspace\POSTECH\cs332-assign\recfun\src\test\scala\recfun\CountChangeSuite.scala
2025.09.06 20:58:46 INFO  no build target found for C:\Users\ejong\Workspace\POSTECH\cs332-assign\recfun\src\test\scala\recfun\CountChangeSuite.scala. Using presentation compiler with project's scala-library version: 3.3.6
2025.09.06 20:58:45 INFO  no build target found for C:\Users\ejong\Workspace\POSTECH\cs332-assign\recfun\src\test\scala\recfun\CountChangeSuite.scala. Using presentation compiler with project's scala-library version: 3.3.6
2025.09.06 20:58:45 INFO  no build target found for C:\Users\ejong\Workspace\POSTECH\cs332-assign\recfun\src\test\scala\recfun\CountChangeSuite.scala. Using presentation compiler with project's scala-library version: 3.3.6
2025.09.06 20:58:46 INFO  no build target found for C:\Users\ejong\Workspace\POSTECH\cs332-assign\recfun\src\test\scala\recfun\CountChangeSuite.scala. Using presentation compiler with project's scala-library version: 3.3.6
2025.09.06 20:58:47 INFO  no build target found for C:\Users\ejong\Workspace\POSTECH\cs332-assign\recfun\src\test\scala\recfun\CountChangeSuite.scala. Using presentation compiler with project's scala-library version: 3.3.6
2025.09.06 20:58:47 WARN  no build target for: C:\Users\ejong\Workspace\POSTECH\cs332-assign\recfun\src\test\scala\recfun\BalanceSuite.scala
2025.09.06 20:58:47 INFO  no build target found for C:\Users\ejong\Workspace\POSTECH\cs332-assign\recfun\src\test\scala\recfun\BalanceSuite.scala. Using presentation compiler with project's scala-library version: 3.3.6
2025.09.06 20:58:47 INFO  no build target found for C:\Users\ejong\Workspace\POSTECH\cs332-assign\recfun\src\test\scala\recfun\BalanceSuite.scala. Using presentation compiler with project's scala-library version: 3.3.6
2025.09.06 20:58:47 INFO  no build target found for C:\Users\ejong\Workspace\POSTECH\cs332-assign\recfun\src\test\scala\recfun\BalanceSuite.scala. Using presentation compiler with project's scala-library version: 3.3.6
2025.09.06 20:58:47 INFO  no build target found for C:\Users\ejong\Workspace\POSTECH\cs332-assign\recfun\src\test\scala\recfun\BalanceSuite.scala. Using presentation compiler with project's scala-library version: 3.3.6
2025.09.06 20:58:47 INFO  no build target found for C:\Users\ejong\Workspace\POSTECH\cs332-assign\recfun\src\test\scala\recfun\BalanceSuite.scala. Using presentation compiler with project's scala-library version: 3.3.6
2025.09.06 20:58:47 INFO  no build target found for C:\Users\ejong\Workspace\POSTECH\cs332-assign\recfun\src\test\scala\recfun\CountChangeSuite.scala. Using presentation compiler with project's scala-library version: 3.3.6
2025.09.06 20:58:48 WARN  no build target for: C:\Users\ejong\Workspace\POSTECH\cs332-assign\recfun\src\test\scala\recfun\CountChangeSuite.scala
2025.09.06 20:58:47 INFO  no build target found for C:\Users\ejong\Workspace\POSTECH\cs332-assign\recfun\src\test\scala\recfun\CountChangeSuite.scala. Using presentation compiler with project's scala-library version: 3.3.6
2025.09.06 20:58:48 INFO  no build target found for C:\Users\ejong\Workspace\POSTECH\cs332-assign\recfun\src\test\scala\recfun\CountChangeSuite.scala. Using presentation compiler with project's scala-library version: 3.3.6
2025.09.06 20:58:48 INFO  no build target found for C:\Users\ejong\Workspace\POSTECH\cs332-assign\recfun\src\test\scala\recfun\CountChangeSuite.scala. Using presentation compiler with project's scala-library version: 3.3.6
2025.09.06 20:58:49 INFO  no build target found for C:\Users\ejong\Workspace\POSTECH\cs332-assign\recfun\src\test\scala\recfun\CountChangeSuite.scala. Using presentation compiler with project's scala-library version: 3.3.6
2025.09.06 20:58:49 WARN  no build target for: C:\Users\ejong\Workspace\POSTECH\cs332-assign\recfun\src\test\scala\recfun\PascalSuite.scala
2025.09.06 20:58:49 INFO  no build target found for C:\Users\ejong\Workspace\POSTECH\cs332-assign\recfun\src\test\scala\recfun\PascalSuite.scala. Using presentation compiler with project's scala-library version: 3.3.6
2025.09.06 20:58:49 INFO  no build target found for C:\Users\ejong\Workspace\POSTECH\cs332-assign\recfun\src\test\scala\recfun\PascalSuite.scala. Using presentation compiler with project's scala-library version: 3.3.6
2025.09.06 20:58:49 INFO  no build target found for C:\Users\ejong\Workspace\POSTECH\cs332-assign\recfun\src\test\scala\recfun\PascalSuite.scala. Using presentation compiler with project's scala-library version: 3.3.6
2025.09.06 20:58:49 INFO  no build target found for C:\Users\ejong\Workspace\POSTECH\cs332-assign\recfun\src\test\scala\recfun\PascalSuite.scala. Using presentation compiler with project's scala-library version: 3.3.6
2025.09.06 21:00:30 INFO  no build target found for C:\Users\ejong\Workspace\POSTECH\cs332-assign\recfun\build.sbt. Using presentation compiler with project's scala-library version: 3.3.6
2025.09.06 21:00:30 WARN  no build target for: C:\Users\ejong\Workspace\POSTECH\cs332-assign\recfun\build.sbt
2025.09.06 21:00:30 INFO  no build target found for C:\Users\ejong\Workspace\POSTECH\cs332-assign\recfun\build.sbt. Using presentation compiler with project's scala-library version: 3.3.6
2025.09.06 21:00:30 INFO  no build target found for C:\Users\ejong\Workspace\POSTECH\cs332-assign\recfun\build.sbt. Using presentation compiler with project's scala-library version: 3.3.6
2025.09.06 21:00:30 INFO  no build target found for C:\Users\ejong\Workspace\POSTECH\cs332-assign\recfun\build.sbt. Using presentation compiler with project's scala-library version: 3.3.6
2025.09.06 21:00:34 INFO  Shutting down server
2025.09.06 21:00:34 INFO  shutting down Metals
2025.09.06 21:00:34 INFO  Exiting server
2025.09.06 21:09:00 INFO  Started: Metals version 1.6.2 in folders 'C:\Users\ejong\Workspace\POSTECH\cs332-assign\recfun' for client Visual Studio Code 1.103.2.
2025.09.06 21:09:01 WARN  Unsupported sbt version 0.13.7
2025.09.06 21:09:01 WARN  Build server is not auto-connectable.
9월 06, 2025 9:09:44 오후 org.eclipse.lsp4j.jsonrpc.services.GenericEndpoint notify
정보: Unsupported notification method: $/setTrace
2025.09.06 21:25:26 INFO  Shutting down server
2025.09.06 21:25:26 INFO  shutting down Metals
2025.09.06 21:25:26 INFO  Exiting server
2025.09.06 21:25:36 INFO  Started: Metals version 1.6.2 in folders 'C:\Users\ejong\Workspace\POSTECH\cs332-assign\recfun' for client Visual Studio Code 1.103.2.
2025.09.06 21:25:38 WARN  Unsupported sbt version 0.13.7
2025.09.06 21:25:38 WARN  Build server is not auto-connectable.
2025.09.06 21:27:35 INFO  Shutting down server
2025.09.06 21:27:35 INFO  shutting down Metals
2025.09.06 21:27:35 INFO  Exiting server
